0 verbose cli /usr/local/bin/node /usr/local/lib/node_modules/npm/bin/npm-cli.js
1 info using npm@11.6.2
2 info using node@v24.11.1
3 silly config load:file:/usr/local/lib/node_modules/npm/npmrc
4 silly config load:file:/Users/certideal/.npmrc
5 silly config load:file:/usr/local/etc/npmrc
6 verbose title npm exec expo start
7 verbose argv "exec" "--" "expo" "start"
8 verbose logfile logs-max:10 dir:/Users/certideal/Downloads/Altio/npm-cache/_logs/2026-03-02T16_08_21_300Z-
9 verbose logfile /Users/certideal/Downloads/Altio/npm-cache/_logs/2026-03-02T16_08_21_300Z-debug-0.log
10 silly logfile done cleaning log files
11 silly packumentCache heap:4496293888 maxSize:1124073472 maxEntrySize:562036736
12 http fetch GET 200 https://registry.npmjs.org/expo 616ms (cache revalidated)
13 silly packumentCache heap:4496293888 maxSize:1124073472 maxEntrySize:562036736
14 silly packumentCache heap:4496293888 maxSize:1124073472 maxEntrySize:562036736
15 verbose cwd /Users/certideal/Downloads/Altio
16 verbose os Darwin 23.5.0
17 verbose node v24.11.1
18 verbose npm  v11.6.2
19 verbose exit 1
20 verbose code 1
